<?xml version="1.0" encoding="UTF-8"?>
<dataset>
    <test_trailer id="1" name="Trailer Name 1"
        description="Description 1" text="Sample Text 1"
        lastupdated="2025-03-13 12:00:00" />
    <test_trailer id="2" name="Trailer Name 2"
        description="Description 2" text="Sample Text 2"
        lastupdated="2025-03-14 12:00:00" />
    <test_trailer id="3" name="Trailer Name 3"
        description="Description 3" text="Sample Text 3"
        lastupdated="2025-03-15 12:00:00" />
</dataset>
